[INFO] Scanning for projects...
[INFO] 
[INFO] ------------------------< com.ai:ai-assistant >-------------------------
[INFO] Building AI Assistant 1.0.0
[INFO] --------------------------------[ jar ]---------------------------------
[INFO] 
[INFO] >>> spring-boot-maven-plugin:3.4.1:run (default-cli) > test-compile @ ai-assistant >>>
[INFO] 
[INFO] --- maven-resources-plugin:3.3.1:resources (default-resources) @ ai-assistant ---
[INFO] Copying 1 resource from src\main\resources to target\classes
[INFO] Copying 0 resource from src\main\resources to target\classes
[INFO] 
[INFO] --- maven-compiler-plugin:3.13.0:compile (default-compile) @ ai-assistant ---
[INFO] Nothing to compile - all classes are up to date.
[INFO] 
[INFO] --- maven-resources-plugin:3.3.1:testResources (default-testResources) @ ai-assistant ---
[INFO] skip non existing resourceDirectory E:\java\AI\20260416\backend\src\test\resources
[INFO] 
[INFO] --- maven-compiler-plugin:3.13.0:testCompile (default-testCompile) @ ai-assistant ---
[INFO] No sources to compile
[INFO] 
[INFO] <<< spring-boot-maven-plugin:3.4.1:run (default-cli) < test-compile @ ai-assistant <<<
[INFO] 
[INFO] 
[INFO] --- spring-boot-maven-plugin:3.4.1:run (default-cli) @ ai-assistant ---
[INFO] Attaching agents: []

  .   ____          _            __ _ _
 /\\ / ___'_ __ _ _(_)_ __  __ _ \ \ \ \
( ( )\___ | '_ | '_| | '_ \/ _` | \ \ \ \
 \\/  ___)| |_)| | | | | || (_| |  ) ) ) )
  '  |____| .__|_| |_|_| |_\__, | / / / /
 =========|_|==============|___/=/_/_/_/

 :: Spring Boot ::                (v3.4.1)

2026-04-16T23:35:34.919+08:00  INFO 3512 --- [ai-assistant] [           main] c.ai.assistant.AiAssistantApplication    : Starting AiAssistantApplication using Java 17.0.15 with PID 3512 (E:\java\AI\20260416\backend\target\classes started by dxnyu in E:\java\AI\20260416\backend)
2026-04-16T23:35:34.923+08:00 DEBUG 3512 --- [ai-assistant] [           main] c.ai.assistant.AiAssistantApplication    : Running with Spring Boot v3.4.1, Spring v6.2.1
2026-04-16T23:35:34.924+08:00  INFO 3512 --- [ai-assistant] [           main] c.ai.assistant.AiAssistantApplication    : No active profile set, falling back to 1 default profile: "default"
2026-04-16T23:35:37.350+08:00  INFO 3512 --- [ai-assistant] [           main] o.s.b.w.embedded.tomcat.TomcatWebServer  : Tomcat initialized with port 8080 (http)
2026-04-16T23:35:37.429+08:00  INFO 3512 --- [ai-assistant] [           main] o.apache.catalina.core.StandardService   : Starting service [Tomcat]
2026-04-16T23:35:37.430+08:00  INFO 3512 --- [ai-assistant] [           main] o.apache.catalina.core.StandardEngine    : Starting Servlet engine: [Apache Tomcat/10.1.34]
2026-04-16T23:35:37.649+08:00  INFO 3512 --- [ai-assistant] [           main] o.a.c.c.C.[Tomcat].[localhost].[/api]    : Initializing Spring embedded WebApplicationContext
2026-04-16T23:35:37.651+08:00  INFO 3512 --- [ai-assistant] [           main] w.s.c.ServletWebServerApplicationContext : Root WebApplicationContext: initialization completed in 2313 ms
2026-04-16T23:35:39.858+08:00 DEBUG 3512 --- [ai-assistant] [           main] s.w.s.m.m.a.RequestMappingHandlerMapping : 7 mappings in 'requestMappingHandlerMapping'
2026-04-16T23:35:39.898+08:00 DEBUG 3512 --- [ai-assistant] [           main] o.s.w.s.handler.SimpleUrlHandlerMapping  : Patterns [/webjars/**, /**] in 'resourceHandlerMapping'
2026-04-16T23:35:40.022+08:00 DEBUG 3512 --- [ai-assistant] [           main] s.w.s.m.m.a.RequestMappingHandlerAdapter : ControllerAdvice beans: 0 @ModelAttribute, 0 @InitBinder, 1 RequestBodyAdvice, 1 ResponseBodyAdvice
2026-04-16T23:35:40.091+08:00 DEBUG 3512 --- [ai-assistant] [           main] .m.m.a.ExceptionHandlerExceptionResolver : ControllerAdvice beans: 0 @ExceptionHandler, 1 ResponseBodyAdvice
2026-04-16T23:35:40.278+08:00  INFO 3512 --- [ai-assistant] [           main] o.s.b.w.embedded.tomcat.TomcatWebServer  : Tomcat started on port 8080 (http) with context path '/api'
2026-04-16T23:35:40.297+08:00  INFO 3512 --- [ai-assistant] [           main] c.ai.assistant.AiAssistantApplication    : Started AiAssistantApplication in 6.189 seconds (process running for 6.786)
